<?xml version="1.0" encoding="UTF-8"?>
<coverage generated="1598463809409" clover="3.2.0">
  <project timestamp="1598463809409" name="All files">
    <metrics statements="15" coveredstatements="15" conditionals="12" coveredconditionals="12" methods="6" coveredmethods="6" elements="33" coveredelements="33" complexity="0" loc="15" ncloc="15" packages="2" files="2" classes="2"/>
    <package name="example.src">
      <metrics statements="3" coveredstatements="3" conditionals="0" coveredconditionals="0" methods="1" coveredmethods="1"/>
      <file name="App.js" path="D:\React\react-card-with-image\example\src\App.js">
        <metrics statements="3" coveredstatements="3" conditionals="0" coveredconditionals="0" methods="1" coveredmethods="1"/>
        <line num="6" count="1" type="stmt"/>
        <line num="7" count="1" type="stmt"/>
        <line num="47" count="1" type="stmt"/>
      </file>
    </package>
    <package name="src">
      <metrics statements="12" coveredstatements="12" conditionals="12" coveredconditionals="12" methods="5" coveredmethods="5"/>
      <file name="index.js" path="D:\React\react-card-with-image\src\index.js">
        <metrics statements="12" coveredstatements="12" conditionals="12" coveredconditionals="12" methods="5" coveredmethods="5"/>
        <line num="4" count="1" type="stmt"/>
        <line num="5" count="12" type="stmt"/>
        <line num="7" count="12" type="stmt"/>
        <line num="8" count="12" type="stmt"/>
        <line num="10" count="12" type="stmt"/>
        <line num="11" count="2" type="stmt"/>
        <line num="12" count="2" type="stmt"/>
        <line num="15" count="12" type="stmt"/>
        <line num="16" count="12" type="stmt"/>
        <line num="17" count="24" type="stmt"/>
        <line num="25" count="2" type="stmt"/>
        <line num="54" count="12" type="stmt"/>
      </file>
    </package>
  </project>
</coverage>
