{"/home/developer/Desktop/cappys_playground/react-card-with-image/example/src/App.js": {"path":"/home/developer/Desktop/cappys_playground/react-card-with-image/example/src/App.js","statementMap":{"0":{"start":{"line":6,"column":12},"end":{"line":55,"column":1}},"1":{"start":{"line":7,"column":16},"end":{"line":46,"column":3}},"2":{"start":{"line":47,"column":2},"end":{"line":54,"column":3}}},"fnMap":{"0":{"name":"(anonymous_0)","decl":{"start":{"line":6,"column":12},"end":{"line":6,"column":13}},"loc":{"start":{"line":6,"column":18},"end":{"line":55,"column":1}},"line":6}},"branchMap":{},"s":{"0":1,"1":1,"2":1},"f":{"0":1},"b":{},"_coverageSchema":"43e27e138ebf9cfc5966b082cf9a028302ed4184","hash":"11d21232c2168f58ad16e00b1ebdc2b232185cde"}
,"/home/developer/Desktop/cappys_playground/react-card-with-image/src/index.js": {"path":"/home/developer/Desktop/cappys_playground/react-card-with-image/src/index.js","statementMap":{"0":{"start":{"line":4,"column":24},"end":{"line":74,"column":1}},"1":{"start":{"line":5,"column":22},"end":{"line":5,"column":27}},"2":{"start":{"line":7,"column":34},"end":{"line":7,"column":64}},"3":{"start":{"line":8,"column":42},"end":{"line":8,"column":66}},"4":{"start":{"line":10,"column":22},"end":{"line":13,"column":3}},"5":{"start":{"line":11,"column":4},"end":{"line":11,"column":27}},"6":{"start":{"line":12,"column":4},"end":{"line":12,"column":25}},"7":{"start":{"line":15,"column":20},"end":{"line":52,"column":3}},"8":{"start":{"line":16,"column":4},"end":{"line":51,"column":6}},"9":{"start":{"line":17,"column":6},"end":{"line":50,"column":7}},"10":{"start":{"line":25,"column":27},"end":{"line":25,"column":44}},"11":{"start":{"line":54,"column":2},"end":{"line":73,"column":3}}},"fnMap":{"0":{"name":"(anonymous_0)","decl":{"start":{"line":4,"column":24},"end":{"line":4,"column":25}},"loc":{"start":{"line":4,"column":77},"end":{"line":74,"column":1}},"line":4},"1":{"name":"(anonymous_1)","decl":{"start":{"line":10,"column":22},"end":{"line":10,"column":23}},"loc":{"start":{"line":10,"column":32},"end":{"line":13,"column":3}},"line":10},"2":{"name":"(anonymous_2)","decl":{"start":{"line":15,"column":20},"end":{"line":15,"column":21}},"loc":{"start":{"line":15,"column":31},"end":{"line":52,"column":3}},"line":15},"3":{"name":"(anonymous_3)","decl":{"start":{"line":16,"column":21},"end":{"line":16,"column":22}},"loc":{"start":{"line":16,"column":31},"end":{"line":51,"column":5}},"line":16},"4":{"name":"(anonymous_4)","decl":{"start":{"line":25,"column":21},"end":{"line":25,"column":22}},"loc":{"start":{"line":25,"column":27},"end":{"line":25,"column":44}},"line":25}},"branchMap":{"0":{"loc":{"start":{"line":21,"column":14},"end":{"line":23,"column":29}},"type":"cond-expr","locations":[{"start":{"line":22,"column":18},"end":{"line":22,"column":55}},{"start":{"line":23,"column":18},"end":{"line":23,"column":29}}],"line":21},"1":{"loc":{"start":{"line":29,"column":33},"end":{"line":29,"column":57}},"type":"binary-expr","locations":[{"start":{"line":29,"column":33},"end":{"line":29,"column":44}},{"start":{"line":29,"column":48},"end":{"line":29,"column":57}}],"line":29},"2":{"loc":{"start":{"line":32,"column":16},"end":{"line":34,"column":41}},"type":"cond-expr","locations":[{"start":{"line":33,"column":20},"end":{"line":33,"column":47}},{"start":{"line":34,"column":20},"end":{"line":34,"column":41}}],"line":32},"3":{"loc":{"start":{"line":41,"column":16},"end":{"line":43,"column":42}},"type":"cond-expr","locations":[{"start":{"line":42,"column":20},"end":{"line":42,"column":48}},{"start":{"line":43,"column":20},"end":{"line":43,"column":42}}],"line":41},"4":{"loc":{"start":{"line":61,"column":20},"end":{"line":61,"column":37}},"type":"binary-expr","locations":[{"start":{"line":61,"column":20},"end":{"line":61,"column":31}},{"start":{"line":61,"column":35},"end":{"line":61,"column":37}}],"line":61},"5":{"loc":{"start":{"line":62,"column":19},"end":{"line":62,"column":35}},"type":"binary-expr","locations":[{"start":{"line":62,"column":19},"end":{"line":62,"column":29}},{"start":{"line":62,"column":33},"end":{"line":62,"column":35}}],"line":62}},"s":{"0":1,"1":12,"2":12,"3":12,"4":12,"5":2,"6":2,"7":12,"8":12,"9":24,"10":2,"11":12},"f":{"0":12,"1":2,"2":12,"3":24,"4":2},"b":{"0":[12,12],"1":[24,18],"2":[12,12],"3":[12,12],"4":[12,12],"5":[12,12]},"_coverageSchema":"43e27e138ebf9cfc5966b082cf9a028302ed4184","hash":"cdaf0d9ba084b58e1d96f68e009a61d1cc57a475"}
}
