TN:
SF:example\src\App.js
FN:6,(anonymous_0)
FNF:1
FNH:1
FNDA:1,(anonymous_0)
DA:6,1
DA:7,1
DA:47,1
LF:3
LH:3
BRF:0
BRH:0
end_of_record
TN:
SF:src\index.js
FN:4,(anonymous_0)
FN:10,(anonymous_1)
FN:15,(anonymous_2)
FN:16,(anonymous_3)
FN:25,(anonymous_4)
FNF:5
FNH:5
FNDA:12,(anonymous_0)
FNDA:2,(anonymous_1)
FNDA:12,(anonymous_2)
FNDA:24,(anonymous_3)
FNDA:2,(anonymous_4)
DA:4,1
DA:5,12
DA:7,12
DA:8,12
DA:10,12
DA:11,2
DA:12,2
DA:15,12
DA:16,12
DA:17,24
DA:25,2
DA:54,12
LF:12
LH:12
BRDA:21,0,0,12
BRDA:21,0,1,12
BRDA:29,1,0,24
BRDA:29,1,1,18
BRDA:32,2,0,12
BRDA:32,2,1,12
BRDA:41,3,0,12
BRDA:41,3,1,12
BRDA:61,4,0,12
BRDA:61,4,1,12
BRDA:62,5,0,12
BRDA:62,5,1,12
BRF:12
BRH:12
end_of_record
